<?xml version="1.0" encoding="UTF-8"?>
<testng-results skipped="0" failed="1" total="1" passed="0">
  <reporter-output>
  </reporter-output>
  <suite name="Default suite" duration-ms="53442" started-at="2020-10-10T05:37:36Z" finished-at="2020-10-10T05:38:29Z">
    <groups>
    </groups>
    <test name="Default test" duration-ms="53442" started-at="2020-10-10T05:37:36Z" finished-at="2020-10-10T05:38:29Z">
      <class name="advance.selenium.PositiveTest">
        <test-method status="PASS" signature="SetUp(java.lang.String)[pri:0, instance:advance.selenium.PositiveTest@28f67ac7]" name="SetUp" is-config="true" duration-ms="7270" started-at="2020-10-10T11:07:36Z" finished-at="2020-10-10T11:07:43Z">
          <params>
            <param index="0">
              <value>
                <![CDATA[chrome]]>
              </value>
            </param>
          </params>
          <reporter-output>
          </reporter-output>
        </test-method> <!-- SetUp -->
        <test-method status="FAIL" signature="IMDBTest()[pri:0, instance:advance.selenium.PositiveTest@28f67ac7]" name="IMDBTest" duration-ms="45319" started-at="2020-10-10T11:07:43Z" finished-at="2020-10-10T11:08:28Z">
          <exception class="java.lang.AssertionError">
            <message>
              <![CDATA[Product Title are not matching. Title coming from API is: Lords of the Chain Ring and Title comung from Web is : The Lord of the Rings: The Fellowship of the Ring expected [true] but found [false]]]>
            </message>
            <full-stacktrace>
              <![CDATA[java.lang.AssertionError: Product Title are not matching. Title coming from API is: Lords of the Chain Ring and Title comung from Web is : The Lord of the Rings: The Fellowship of the Ring expected [true] but found [false]
	at org.testng.Assert.fail(Assert.java:94)
	at org.testng.Assert.failNotEquals(Assert.java:494)
	at org.testng.Assert.assertTrue(Assert.java:42)
	at advance.selenium.Main.MostPopularMoviesAndShowPage.verifySearchResultsAccordingToAPIResponse(MostPopularMoviesAndShowPage.java:66)
	at advance.selenium.PositiveTest.IMDBTest(PositiveTest.java:42)
	at sun.reflect.NativeMethodAccessorImpl.invoke0(Native Method)
	at sun.reflect.NativeMethodAccessorImpl.invoke(Unknown Source)
	at sun.reflect.DelegatingMethodAccessorImpl.invoke(Unknown Source)
	at java.lang.reflect.Method.invoke(Unknown Source)
	at org.testng.internal.MethodInvocationHelper.invokeMethod(MethodInvocationHelper.java:80)
	at org.testng.internal.Invoker.invokeMethod(Invoker.java:714)
	at org.testng.internal.Invoker.invokeTestMethod(Invoker.java:901)
	at org.testng.internal.Invoker.invokeTestMethods(Invoker.java:1231)
	at org.testng.internal.TestMethodWorker.invokeTestMethods(TestMethodWorker.java:127)
	at org.testng.internal.TestMethodWorker.run(TestMethodWorker.java:111)
	at org.testng.TestRunner.privateRun(TestRunner.java:767)
	at org.testng.TestRunner.run(TestRunner.java:617)
	at org.testng.SuiteRunner.runTest(SuiteRunner.java:334)
	at org.testng.SuiteRunner.runSequentially(SuiteRunner.java:329)
	at org.testng.SuiteRunner.privateRun(SuiteRunner.java:291)
	at org.testng.SuiteRunner.run(SuiteRunner.java:240)
	at org.testng.SuiteRunnerWorker.runSuite(SuiteRunnerWorker.java:52)
	at org.testng.SuiteRunnerWorker.run(SuiteRunnerWorker.java:86)
	at org.testng.TestNG.runSuitesSequentially(TestNG.java:1198)
	at org.testng.TestNG.runSuitesLocally(TestNG.java:1123)
	at org.testng.TestNG.run(TestNG.java:1031)
	at org.testng.remote.RemoteTestNG.run(RemoteTestNG.java:111)
	at org.testng.remote.RemoteTestNG.initAndRun(RemoteTestNG.java:204)
	at org.testng.remote.RemoteTestNG.main(RemoteTestNG.java:175)
]]>
            </full-stacktrace>
          </exception> <!-- java.lang.AssertionError -->
          <reporter-output>
          </reporter-output>
        </test-method> <!-- IMDBTest -->
        <test-method status="PASS" signature="TearDown()[pri:0, instance:advance.selenium.PositiveTest@28f67ac7]" name="TearDown" is-config="true" duration-ms="833" started-at="2020-10-10T11:08:28Z" finished-at="2020-10-10T11:08:29Z">
          <reporter-output>
          </reporter-output>
        </test-method> <!-- TearDown -->
      </class> <!-- advance.selenium.PositiveTest -->
    </test> <!-- Default test -->
  </suite> <!-- Default suite -->
</testng-results>
